    1  sudo '/home/mamonteiro/Downloads/Anaconda3-2019.03-Linux-x86_64.sh' 
    2  cd /home/mamonteiro/Downloads/
    3  ls
    4  sh Anaconda3-2019.03-Linux-x86_64.sh 
    5  sudo apt install git-all
    6  git
    7  sudo apt install git
    8  sudo apt-get install git
    9  sudo apt-get update
   10  sudo apt-get upgrade
   11  sudo apt-get install git
   12  git
   13  docker
   14  df
   15  df -h
   16  exit
   17  pip
   18  conda
   19  python
   20  df
   21  df -h
   22  exit
   23  sudo apt-get update
   24  sudo apt-get upgrade
   25  sudo apt-get
   26  sudo apt-get purge
   27  sudo apt-get update
   28  sudo apt-get upgrade
   29  sudo apt-get update
   30  sudo apt-get upgrade
   31  ls
   32  ll
   33  ls
   34  ll
   35  ls -ltra
   36  cd Catch-the-fraudster_/
   37  cd ..
   38  ls
   39  cd source-code/
   40  ls
   41  lll
   42  ll
   43  cd Catch-the-fraudster
   44  sh Anaconda3-2019.03-Linux-x86_64.sh 
   45  conda info --envs
   46  source activate Traffic-flow-prevision
   47  exit
   48  ls
   49  ll
   50  ls
   51  ll
   52  cd source-code/
   53  ls
   54  ll
   55  ls
   56  source activate Traffic-flow-prevision
   57  source deactivate
   58  ls
   59  cd ,,
   60  ls
   61  ll
   62  cd ..
   63  ll
   64  from yahoo_weather.weather import YahooWeather
   65  from yahoo_weather.config.units import Unit
   66  data = yahoo_weather.YahooWeather(APP_ID="Your App ID",
   67  weather.get_yahoo_weather_by_city("tehran", Unit.celsius)
   68  print(weather.condition.text)
   69  print(weather.condition.temperature)
   70  weather.get_yahoo_weather_by_location(35.67194, 51.424438)
   71  print(weather.condition.text)
   72  pip install yahooweather
   73  ll
   74  exit
   75  ls
   76  cd source-code/
   77  ls
   78  cd Project-LEI/
   79  ls
   80  cd ..
   81  ls
   82  cd Catch-the-fraudster
   83  ls
   84  source activate Catch-the-fraudster
   85  ls
   86  jupyter-notebook 
   87  pip install yahooweather
   88  jupyter-notebook 
   89  pip install weather-api
   90  jupyter-notebook 
   91  pip install yahoo-weather
   92  exit
   93  ls
   94  cd source-code/
   95  ls
   96  sudo apt install pm-utils gksu
   97  sudo pm-hibernate
   98  sudo apt-cache rdepends gksu
   99  apt-cache rdepends gksu
  100  aptitude why gksu
  101  sudo apt install aptitude
  102  sudo gedit /etc/polkit-1/localauthority/50-local.d/com.ubuntu.enable-hibernate.pkla
  103  grep swap /etc/fstab
  104  grep UUID /etc/fstab
  105  sudo nano /etc/default/grub
  106  grep UUID /etc/fstab
  107  sudo nano /etc/default/grub
  108  sudo filefrag -v /swapfile
  109  sudo nano /etc/default/grub
  110  grep UUID /etc/fstab
  111  sudo nano /etc/default/grub
  112  sudo update-grub
  113  sudo update-initramfs -u
  114  sudo systemctl hibernate
  115  cat /sys/power/disk
  116  systemctl hibernate
  117  sudo systemctl hibernate
  118  kwriteconfig --file kshutdownrc   --group "KDE Action Restrictions"   --key "kshutdown/action/shutdown" --type bool false
  119  sudo apt install kde-runtime
  120  sudo systemctl hibernate
  121  ls
  122  source activate Catch-the-fraudster
  123  ls
  124  cd Catch-the-fraudster_/
  125  ls
  126  jupyter-notebook 
  127  sudo apt update
  128  sudo apt install keepass2 –y
  129  sudo apt install keepass2
  130  exit
  131  ls
  132  cd source-code/
  133  l
  134  ls
  135  cd Catch-the-fraudster
  136  ls
  137  ll
  138  cd version-with-Python/
  139  ll
  140  ls
  141  jupyter-notebook 
  142  cd ..
  143  ls
  144  jupyter-notebook 
  145  exit
  146  cd /home/mamonteiro/source-code/datasets/Catch-the-fraudster/
  147  ls
  148  gzop train_v2.csv 
  149  zip train_v2.csv 
  150  zip
  151  zip train_v2.csv  train_v2.csv.zip
  152  gzip train_v2.csv  train_v2.csv.zip
  153  cd Catch-the-fraudster_/
  154  ls
  155  cd version-with-Python/
  156  ls
  157  cd ..
  158  ls
  159  cd ..
  160  ls
  161  cd source-code/
  162  ls
  163  cd Catch-the-fraudster
  164  ls
  165  sudo conda install xgboost
  166  conda
  167  sudo pip install xgboost
  168  pip install xgboost
  169  ls
  170  cd code-snippet/
  171  ls
  172  cd ..
  173  la
  174  cd ..
  175  la
  176  xs Catch-the-fraudster
  177  ls
  178  jupyter-notebook 
  179  ssh pg37158@search6.di.uminho.pt
  180  ls
  181  cd source-code/
  182  ls
  183  cd Project-LEI/
  184  ls
  185  source activate Project-LEI
  186  conda infor --envs
  187  conda info  --envs
  188  source activate lei_deepchem_python36
  189  ls
  190  ll
  191  cd ..
  192  ls
  193  jupiter-notebook
  194  ls
  195  exit
  196  ls
  197  exit
  198  ls
  199  cd source-code/
  200  ls
  201  cd Project-LEI/
  202  git pull
  203  ls
  204  cd SIDER
  205  ls
  206  exit
  207  jupiter-notebook
  208  source activate lei_deepchem_python36
  209  ls
  210  cd Project-LEI/
  211  ls
  212  exit
  213  ls
  214  cd source-code/
  215  ls
  216  jupiter-notebook
  217  source activate lei_deepchem_python36
  218  bash
  219  exit
  220  ls
  221  cd source-code/
  222  ls
  223  cd Catch-the-fraudster/
  224  ls
  225  git status
  226  git add .
  227  git commit -m "xpto"
  228  git push
  229  git status
  230  git reset HEAD-
  231  git reset 
  232  git status
  233  git reset --soft HEAD~1
  234  git status
  235  git add .
  236  git commit -m "xpto"
  237  git push
  238  ls
  239  git reset --soft HEAD~1
  240  git status
  241  git add .
  242  git commit -m "xpto"
  243  git push
  244  sudo systemctl hibernate
  245  ls
  246  cd source-code/
  247  ls
  248  cd Traffic-flow-prevision/
  249  ls
  250  conda info --envs
  251  source activate Traffic-flow-prevision
  252  ls
  253  l
  254  ll
  255  conda install --file requirements.txt 
  256  pip install -r requirements.txt 
  257  jupyter-notebook 
  258  ls
  259  git clone https://github.com/WorldWeatherOnline/pywwo.git
  260  ls
  261  rm -rf pywwo/
  262  ls
  263  cd source-code/
  264  ls
  265  git clone https://github.com/WorldWeatherOnline/pywwo.git
  266  rm -rf pywwo/
  267  ls
  268  cd Traffic-flow-prevision/
  269  ls
  270  conda info --evns
  271  conda info --envs
  272  source activate Traffic-flow-prevision
  273  ls
  274  git clone https://github.com/WorldWeatherOnline/pywwo.git
  275  ls
  276  conda install urllib
  277  pip install urllib
  278  pip install urlencode
  279  ls
  280  cd source-code/Traffic-flow-prevision/
  281  ls
  282  python pywwo.py
  283  ls
  284  cd pywwo/
  285  ls
  286  python pywwo.py
  287  type python
  288  python --version
  289  type python
  290  conda create --name Traffic-flow-prevision-v2.7 python=2.7
  291  conda activate Traffic-flow-prevision-v2.7
  292  ls
  293  python pywwo.py
  294  ptyhon
  295  python
  296  python pywwo.py
  297  conda install lxml
  298  python pywwo.py
  299  ls
  300  cd..
  301  ls
  302  cd ..
  303  ls
  304  ll
  305  pip install -r requirements.txt
  306  jupyter-notebook 
  307  ks
  308  ls
  309  git add .
  310  ls
  311  ll
  312  cd ..
  313  ls
  314  ll
  315  mv Traffic-flow-prevision/ Traffic-flow-prevision_
  316  git clone https://github.com/mamonteiro-brg/Traffic-flow-prevision.git
  317  ls
  318  Traffic-flow-prevision
  319  ls Traffic-flow-prevision
  320  cd Traffic-flow-prevision
  321  ls
  322  ll
  323  ls
  324  cd ..
  325  ls
  326  ll
  327  mv Traffic-flow-prevision_/* Traffic-flow-prevision/
  328  ls
  329  ll
  330  cd Traffic-flow-prevision/
  331  ls
  332  git status
  333  git add .
  334  ls
  335  git status
  336  cd pywwo/
  337  ls
  338  ls -ltra
  339  rm -rf .git/
  340  rm -rf .ipynb_checkpoints/
  341  cd ..
  342  ls
  343  cd ..
  344  git status
  345  ls
  346  cd Traffic-flow-prevision/
  347  git status
  348  git add .
  349  git commit -m "xpto"
  350  git push
  351  ls
  352  clear
  353  ll
  354  ls
  355  cd pywwo/
  356  ll
  357  vi pywwo.py 
  358  git status
  359  vi pywwo.py 
  360  ls
  361  cd ..
  362  ls
  363  git pull
  364  git status
  365  cd pywwo/
  366  touch pywwo.ipynb 
  367  git status
  368  vi i
  369  git status
  370  cd ..
  371  ls
  372  mv pywwo/ pywwo_
  373  git clone https://github.com/WorldWeatherOnline/pywwo.git
  374  git status
  375  ll
  376  git add .
  377  git status
  378  git commit -m "ypto"
  379  git push
  380  ll
  381  rm -rf pywwo
  382  git startus
  383  git status
  384  git pull
  385  git status
  386  git commit "up to date"
  387  git commit -m "up to date"
  388  git push
  389  ls
  390  cd source-code/
  391  ls
  392  cp Catch-the-fraudster/requirements.txt Project-LEI/
  393  cd Project-LEI/
  394  ls
  395  conda install -r requirements.txt 
  396  ls
  397  conda install --file requirements.txt
  398  ls
  399  cat requirements.txt 
  400  ls
  401  ll
  402  conda info --envs
  403  source activate lei_deepchem_python36
  404  conda install --file requirements.txt
  405  ls
  406  git status
  407  ls
  408  jupyter-notebook 
  409  conda install --file requirements.txt
  410  pip install deepchem
  411  jupyter-notebook 
  412  pip install rdkit
  413  conda install rdkit
  414  pip install rdkit
  415  conda install -c conda-forge rdkit
  416  jupyter-notebook 
  417  conda install -c conda-forge  joblib
  418  jupyter-notebook 
  419  conda install -c conda-forge  simdna
  420  jupyter-notebook 
  421  ls
  422  cd source-code/
  423  ls
  424  cd Catch-the-fraudster/
  425  git branch
  426  git status
  427  apt install zsh
  428  sudo apt install zsh
  429  zsh
  430  zsh-newuser-install
  431  zsh-newuser-install.
  432  zsh
  433  zshclear
  434  clear
  435  chsh -s $(which zsh)
  436  exit
  437  sudo systemctl hibernate
  438  vi 
  439  vi ~/.bashrc
  440  exit
  441  bash
  442  exit
  443  ls
  444  pwd
  445  cd source-code/
  446  ls
  447  cd Catch-the-fraudster/
  448  ls
  449  ll
  450  history
  451  sudo systemctl hibernate
  452  vi ~/.bashrc
  453  ls
  454  cd source-code/
  455  ls
  456  cd Catch-the-fraudster/
  457  ls
  458  zsh
  459  l
  460  ll
  461  cd source-code/
  462  ls
  463  cd Catch-the-fraudster/
  464  ls
  465  git --version
  466  ls
  467  cd source-code/
  468  ls
  469  cd Catch-the-fraudster/
  470  ls
  471  conda info --envs
  472  source activate Catch-the-fraudster
  473  ls
  474  jupyter-notebook 
  475  ls
  476  cd source-code/
  477  ls
  478  cd Catch-the-fraudster/
  479  git branch
  480  git status
  481  git checkout -b mamonteiro-update-files
  482  git branch
  483  git status
  484  git add .
  485  git status
  486  git commit -m "new version"
  487  git status
  488  git push
  489  git checkout master
  490  git pull
  491  git checkout  mamonteiro-update-files
  492  git merge master
  493  history
  494  ls
  495  git branch
  496  git checkout  master
  497  git pull
  498  git checkout  mamonteiro-update-files
  499  git merge master
  500  history
  501  git branch
  502  vi ~/.bashrc 
  503  ls
  504  cd ..
  505  la
  506  ls
  507  cd Lei
  508  cd Project-LEI/
  509  ls
  510  ll
  511  rm CSC-TP1\ \(Copy\).zip 
  512  git status
  513  ls
  514  exit
  515  pwd
  516  cd source-code/\
  517  cd source-code/
  518  la
  519  cd Project-LEI/
  520  ls
  521  source activate Project-LEI
  522  ls
  523  cd SIDER
  524  ls
  525  ll
  526  python SeqToSeq-Fingerprint-SIDER.py
  527  source deactivate
  528  conda deactivate
  529  history
  530  conda info --envs
  531  hitory
  532  history
  533  history > my_history.log
